<?xml version="1.0" encoding="UTF-8"?>
<testsuite xmlns:xsi="http://www.w3.org/2001/XMLSchema-instance" xsi:noNamespaceSchemaLocation="https://maven.apache.org/surefire/maven-surefire-plugin/xsd/surefire-test-report-3.0.xsd" version="3.0" name="org.rebecalang.transparentactormodelchecker.realtime.StateSpaceGenTest" time="14.909" tests="7" errors="0" skipped="0" failures="0">
  <properties>
[...]
</properties>
  <testcase name="actorSerialization" classname="org.rebecalang.transparentactormodelchecker.realtime.StateSpaceGenTest" time="0.252">
    <system-out><![CDATA[org.rebecalang.transparentactormodelchecker.realtimerebeca.transitionsystem.state.RealTimeRebecaActorState@6724cdec
Env[{}]
org.rebecalang.transparentactormodelchecker.realtimerebeca.transitionsystem.state.RealTimeRebecaActorState@5e65afb6

]]></system-out>
  </testcase>
  <testcase name="networkSerialization" classname="org.rebecalang.transparentactormodelchecker.realtime.StateSpaceGenTest" time="0.003"/>
  <testcase name="envSerialization" classname="org.rebecalang.transparentactormodelchecker.realtime.StateSpaceGenTest" time="0.004"/>
  <testcase name="InvariantConditionIsTransformedToRils" classname="org.rebecalang.transparentactormodelchecker.realtime.StateSpaceGenTest" time="1.134">
    <system-out><![CDATA[model issrc\test\resources\org\rebecalang\modelchecker\realtimerebeca\exactpaperexample.rebeca
199
]]></system-out>
  </testcase>
  <testcase name="newTests" classname="org.rebecalang.transparentactormodelchecker.realtime.StateSpaceGenTest" time="11.142">
    <system-out><![CDATA[model issrc\test\resources\org\rebecalang\modelchecker\realtimerebeca\z.rebeca
1951
]]></system-out>
  </testcase>
  <testcase name="systemStateSerialization" classname="org.rebecalang.transparentactormodelchecker.realtime.StateSpaceGenTest" time="0.004"/>
  <testcase name="messageSerialization" classname="org.rebecalang.transparentactormodelchecker.realtime.StateSpaceGenTest" time="0.004">
    <system-out><![CDATA[receiver->sender.message()
]]></system-out>
  </testcase>
</testsuite>